<?xml version="1.0" encoding="UTF-8"?>
<!-- Generated by org.testng.reporters.JUnitReportReporter -->
<testsuite hostname="Ranjit-PC" failures="0" tests="1" name="org.ranjit.examples.CarTest" time="0.026" errors="0" timestamp="08 Apr 2019 05:54:46 GMT" skipped="0">
  <testcase classname="org.ranjit.examples.CarTest" name="testArrayCopy" time="0.026"/>
</testsuite> <!-- org.ranjit.examples.CarTest -->
